2009-01-26 14:15:50 Notice: Notice (1024): Please change the value of 'Security.salt' in app/config/core.php to a salt value specific to your application in [CORE/cake/libs/debugger.php, line 556]
2009-01-26 14:21:59 Notice: Notice (1024): Please change the value of 'Security.salt' in app/config/core.php to a salt value specific to your application in [CORE/cake/libs/debugger.php, line 556]
2009-01-26 14:22:04 Notice: Notice (1024): Please change the value of 'Security.salt' in app/config/core.php to a salt value specific to your application in [CORE/cake/libs/debugger.php, line 556]
2009-01-26 14:23:06 Notice: Notice (1024): Please change the value of 'Security.salt' in app/config/core.php to a salt value specific to your application in [CORE/cake/libs/debugger.php, line 556]
2009-01-26 21:27:16 Notice: Notice (1024): Please change the value of 'Security.salt' in app/config/core.php to a salt value specific to your application in [CORE/cake/libs/debugger.php, line 556]
2009-01-28 20:09:53 Notice: Notice (1024): Please change the value of 'Security.salt' in app/config/core.php to a salt value specific to your application in [CORE/cake/libs/debugger.php, line 556]
2009-01-28 20:09:53 Notice: Notice (1024): Please change the value of 'Security.salt' in app/config/core.php to a salt value specific to your application in [CORE/cake/libs/debugger.php, line 556]
2009-01-28 20:09:54 Notice: Notice (1024): Please change the value of 'Security.salt' in app/config/core.php to a salt value specific to your application in [CORE/cake/libs/debugger.php, line 556]
2009-01-28 20:10:40 Notice: Notice (1024): Please change the value of 'Security.salt' in app/config/core.php to a salt value specific to your application in [CORE/cake/libs/debugger.php, line 556]
2009-01-28 20:11:07 Notice: Notice (1024): Please change the value of 'Security.salt' in app/config/core.php to a salt value specific to your application in [CORE/cake/libs/debugger.php, line 556]
2009-01-28 20:11:08 Notice: Notice (1024): Please change the value of 'Security.salt' in app/config/core.php to a salt value specific to your application in [CORE/cake/libs/debugger.php, line 556]
2009-01-28 20:13:49 Notice: Notice (1024): Please change the value of 'Security.salt' in app/config/core.php to a salt value specific to your application in [CORE/cake/libs/debugger.php, line 556]
2009-01-28 20:13:49 Notice: Notice (1024): Please change the value of 'Security.salt' in app/config/core.php to a salt value specific to your application in [CORE/cake/libs/debugger.php, line 556]
2009-01-28 20:13:56 Notice: Notice (1024): Please change the value of 'Security.salt' in app/config/core.php to a salt value specific to your application in [CORE/cake/libs/debugger.php, line 556]
2009-01-28 20:13:56 Notice: Notice (1024): Please change the value of 'Security.salt' in app/config/core.php to a salt value specific to your application in [CORE/cake/libs/debugger.php, line 556]
2009-01-28 20:14:20 Notice: Notice (1024): Please change the value of 'Security.salt' in app/config/core.php to a salt value specific to your application in [CORE/cake/libs/debugger.php, line 556]
2009-01-28 20:14:20 Notice: Notice (1024): Please change the value of 'Security.salt' in app/config/core.php to a salt value specific to your application in [CORE/cake/libs/debugger.php, line 556]
2009-01-28 20:20:43 Notice: Notice (1024): Please change the value of 'Security.salt' in app/config/core.php to a salt value specific to your application in [CORE/cake/libs/debugger.php, line 556]
2009-01-28 20:20:44 Notice: Notice (1024): Please change the value of 'Security.salt' in app/config/core.php to a salt value specific to your application in [CORE/cake/libs/debugger.php, line 556]
2009-01-28 20:20:44 Notice: Notice (1024): Please change the value of 'Security.salt' in app/config/core.php to a salt value specific to your application in [CORE/cake/libs/debugger.php, line 556]
2009-01-28 20:21:06 Notice: Notice (1024): Please change the value of 'Security.salt' in app/config/core.php to a salt value specific to your application in [CORE/cake/libs/debugger.php, line 556]
2009-01-29 10:23:24 Notice: Notice (8): Undefined property: UsersController::$Auth in [APP/controllers/users_controller.php, line 17]
2009-01-29 10:24:17 Notice: Notice (1024): Please change the value of 'Security.salt' in app/config/core.php to a salt value specific to your application in [CORE/cake/libs/debugger.php, line 556]
2009-01-29 10:24:27 Notice: Notice (1024): Please change the value of 'Security.salt' in app/config/core.php to a salt value specific to your application in [CORE/cake/libs/debugger.php, line 556]
2009-01-29 10:24:28 Notice: Notice (1024): Please change the value of 'Security.salt' in app/config/core.php to a salt value specific to your application in [CORE/cake/libs/debugger.php, line 556]
2009-01-29 10:24:28 Notice: Notice (1024): Please change the value of 'Security.salt' in app/config/core.php to a salt value specific to your application in [CORE/cake/libs/debugger.php, line 556]
2009-01-29 10:24:30 Notice: Notice (1024): Please change the value of 'Security.salt' in app/config/core.php to a salt value specific to your application in [CORE/cake/libs/debugger.php, line 556]
2009-01-29 10:25:24 Notice: Notice (1024): Please change the value of 'Security.salt' in app/config/core.php to a salt value specific to your application in [CORE/cake/libs/debugger.php, line 556]
2009-01-29 10:25:24 Notice: Notice (1024): Please change the value of 'Security.salt' in app/config/core.php to a salt value specific to your application in [CORE/cake/libs/debugger.php, line 556]
2009-01-29 10:25:27 Notice: Notice (1024): Please change the value of 'Security.salt' in app/config/core.php to a salt value specific to your application in [CORE/cake/libs/debugger.php, line 556]
2009-02-01 15:17:05 Notice: Notice (8): Use of undefined constant datos - assumed 'datos' in [APP/controllers/login_controller.php, line 8]
2009-02-01 15:17:05 Notice: Notice (8): Undefined variable: paises in [APP/views/login/index.ctp, line 2]
2009-02-01 15:17:38 Notice: Notice (8): Use of undefined constant paises - assumed 'paises' in [APP/controllers/login_controller.php, line 8]
2009-02-01 15:26:44 Notice: Notice (8): Undefined index:  printable_name in [APP/views/login/index.ctp, line 3]
